  Helicopter.cpp
f:\btl\opengl\helicopter.h(2): warning C4067: unexpected tokens following preprocessor directive - expected a newline
f:\btl\opengl\matrix_stack.h(2): warning C4067: unexpected tokens following preprocessor directive - expected a newline
f:\btl\opengl\helicopter.h(58): warning C4305: 'argument': truncation from 'double' to 'const GLfloat'
f:\btl\opengl\helicopter.h(66): warning C4305: 'argument': truncation from 'double' to 'const GLfloat'
f:\btl\opengl\helicopter.h(74): warning C4305: 'argument': truncation from 'double' to 'const GLfloat'
f:\btl\opengl\helicopter.h(84): warning C4305: 'argument': truncation from 'double' to 'const GLfloat'
f:\btl\opengl\helicopter.h(85): warning C4305: 'argument': truncation from 'double' to 'const GLfloat'
f:\btl\opengl\helicopter.h(94): warning C4305: 'argument': truncation from 'double' to 'const GLfloat'
f:\btl\opengl\helicopter.h(95): warning C4305: 'argument': truncation from 'double' to 'const GLfloat'
f:\btl\opengl\helicopter.h(105): warning C4305: 'argument': truncation from 'double' to 'const GLfloat'
f:\btl\opengl\helicopter.h(106): warning C4305: 'argument': truncation from 'double' to 'const GLfloat'
f:\btl\opengl\helicopter.h(115): warning C4305: 'argument': truncation from 'double' to 'const GLfloat'
f:\btl\opengl\helicopter.h(116): warning C4305: 'argument': truncation from 'double' to 'const GLfloat'
f:\btl\opengl\helicopter.h(127): warning C4305: 'argument': truncation from 'double' to 'const GLfloat'
f:\btl\opengl\helicopter.h(128): warning C4305: 'argument': truncation from 'double' to 'const GLfloat'
f:\btl\opengl\helicopter.h(136): warning C4305: 'argument': truncation from 'double' to 'const GLfloat'
f:\btl\opengl\helicopter.h(137): warning C4305: 'argument': truncation from 'double' to 'const GLfloat'
f:\btl\opengl\helicopter.h(145): warning C4305: 'argument': truncation from 'double' to 'const GLfloat'
f:\btl\opengl\helicopter.h(146): warning C4305: 'argument': truncation from 'double' to 'const GLfloat'
f:\btl\opengl\helicopter.h(154): warning C4305: 'argument': truncation from 'double' to 'const GLfloat'
f:\btl\opengl\helicopter.h(155): warning C4305: 'argument': truncation from 'double' to 'const GLfloat'
f:\btl\opengl\helicopter.h(163): warning C4305: 'argument': truncation from 'double' to 'const GLfloat'
f:\btl\opengl\helicopter.h(164): warning C4305: 'argument': truncation from 'double' to 'const GLfloat'
f:\btl\opengl\helicopter.h(173): warning C4305: 'argument': truncation from 'double' to 'const GLfloat'
f:\btl\opengl\helicopter.h(183): warning C4305: 'argument': truncation from 'double' to 'const GLfloat'
f:\btl\opengl\helicopter.h(193): warning C4305: 'argument': truncation from 'double' to 'const GLfloat'
f:\btl\opengl\helicopter.h(213): warning C4305: 'argument': truncation from 'double' to 'const GLfloat'
f:\btl\opengl\helicopter.h(214): warning C4305: 'argument': truncation from 'double' to 'const GLfloat'
  main.cpp
f:\btl\opengl\chongchong.h(2): warning C4067: unexpected tokens following preprocessor directive - expected a newline
f:\btl\opengl\chongchong.h(39): warning C4305: 'argument': truncation from 'double' to 'const GLfloat'
f:\btl\opengl\chongchong.h(45): warning C4305: 'argument': truncation from 'double' to 'const GLfloat'
f:\btl\opengl\helicopter.h(2): warning C4067: unexpected tokens following preprocessor directive - expected a newline
f:\btl\opengl\matrix_stack.h(2): warning C4067: unexpected tokens following preprocessor directive - expected a newline
f:\btl\opengl\helicopter.h(58): warning C4305: 'argument': truncation from 'double' to 'const GLfloat'
f:\btl\opengl\helicopter.h(66): warning C4305: 'argument': truncation from 'double' to 'const GLfloat'
f:\btl\opengl\helicopter.h(74): warning C4305: 'argument': truncation from 'double' to 'const GLfloat'
f:\btl\opengl\helicopter.h(84): warning C4305: 'argument': truncation from 'double' to 'const GLfloat'
f:\btl\opengl\helicopter.h(85): warning C4305: 'argument': truncation from 'double' to 'const GLfloat'
f:\btl\opengl\helicopter.h(94): warning C4305: 'argument': truncation from 'double' to 'const GLfloat'
f:\btl\opengl\helicopter.h(95): warning C4305: 'argument': truncation from 'double' to 'const GLfloat'
f:\btl\opengl\helicopter.h(105): warning C4305: 'argument': truncation from 'double' to 'const GLfloat'
f:\btl\opengl\helicopter.h(106): warning C4305: 'argument': truncation from 'double' to 'const GLfloat'
f:\btl\opengl\helicopter.h(115): warning C4305: 'argument': truncation from 'double' to 'const GLfloat'
f:\btl\opengl\helicopter.h(116): warning C4305: 'argument': truncation from 'double' to 'const GLfloat'
f:\btl\opengl\helicopter.h(127): warning C4305: 'argument': truncation from 'double' to 'const GLfloat'
f:\btl\opengl\helicopter.h(128): warning C4305: 'argument': truncation from 'double' to 'const GLfloat'
f:\btl\opengl\helicopter.h(136): warning C4305: 'argument': truncation from 'double' to 'const GLfloat'
f:\btl\opengl\helicopter.h(137): warning C4305: 'argument': truncation from 'double' to 'const GLfloat'
f:\btl\opengl\helicopter.h(145): warning C4305: 'argument': truncation from 'double' to 'const GLfloat'
f:\btl\opengl\helicopter.h(146): warning C4305: 'argument': truncation from 'double' to 'const GLfloat'
f:\btl\opengl\helicopter.h(154): warning C4305: 'argument': truncation from 'double' to 'const GLfloat'
f:\btl\opengl\helicopter.h(155): warning C4305: 'argument': truncation from 'double' to 'const GLfloat'
f:\btl\opengl\helicopter.h(163): warning C4305: 'argument': truncation from 'double' to 'const GLfloat'
f:\btl\opengl\helicopter.h(164): warning C4305: 'argument': truncation from 'double' to 'const GLfloat'
f:\btl\opengl\helicopter.h(173): warning C4305: 'argument': truncation from 'double' to 'const GLfloat'
f:\btl\opengl\helicopter.h(183): warning C4305: 'argument': truncation from 'double' to 'const GLfloat'
f:\btl\opengl\helicopter.h(193): warning C4305: 'argument': truncation from 'double' to 'const GLfloat'
f:\btl\opengl\helicopter.h(213): warning C4305: 'argument': truncation from 'double' to 'const GLfloat'
f:\btl\opengl\helicopter.h(214): warning C4305: 'argument': truncation from 'double' to 'const GLfloat'
f:\btl\opengl\thuyen.h(2): warning C4067: unexpected tokens following preprocessor directive - expected a newline
f:\btl\opengl\thuyen.h(31): warning C4305: 'argument': truncation from 'double' to 'const GLfloat'
f:\btl\opengl\thuyen.h(36): warning C4305: 'argument': truncation from 'double' to 'const GLfloat'
f:\btl\opengl\thuyen.h(37): warning C4305: 'argument': truncation from 'double' to 'const GLfloat'
f:\btl\opengl\thuyen.h(53): warning C4305: 'argument': truncation from 'double' to 'GLfloat'
f:\btl\opengl\thuyen.h(57): warning C4305: 'argument': truncation from 'double' to 'const GLfloat'
f:\btl\opengl\thuyen.h(58): warning C4305: 'argument': truncation from 'double' to 'GLfloat'
f:\btl\opengl\thuyen.h(61): warning C4305: 'argument': truncation from 'double' to 'const GLfloat'
f:\btl\opengl\thuyen.h(62): warning C4305: 'argument': truncation from 'double' to 'GLfloat'
f:\btl\opengl\thuyen.h(65): warning C4305: 'argument': truncation from 'double' to 'GLfloat'
f:\btl\opengl\thuyen.h(67): warning C4305: 'argument': truncation from 'double' to 'const GLfloat'
f:\btl\opengl\thuyen.h(68): warning C4305: 'argument': truncation from 'double' to 'GLfloat'
f:\btl\opengl\thuyen.h(72): warning C4305: 'argument': truncation from 'double' to 'GLfloat'
f:\btl\opengl\thuyen.h(76): warning C4305: 'argument': truncation from 'double' to 'GLfloat'
f:\btl\opengl\thuyen.h(80): warning C4305: 'argument': truncation from 'double' to 'const GLfloat'
f:\btl\opengl\thuyen.h(81): warning C4305: 'argument': truncation from 'double' to 'GLfloat'
f:\btl\opengl\thuyen.h(83): warning C4305: 'argument': truncation from 'double' to 'const GLfloat'
f:\btl\opengl\thuyen.h(84): warning C4305: 'argument': truncation from 'double' to 'GLfloat'
f:\btl\opengl\main.cpp(140): warning C4305: 'argument': truncation from 'double' to 'GLfloat'
f:\btl\opengl\main.cpp(145): warning C4305: 'argument': truncation from 'double' to 'GLfloat'
f:\btl\opengl\main.cpp(148): warning C4305: 'argument': truncation from 'double' to 'GLfloat'
f:\btl\opengl\main.cpp(183): warning C4305: 'argument': truncation from 'double' to 'const GLfloat'
f:\btl\opengl\main.cpp(194): warning C4305: '+=': truncation from 'double' to 'float'
f:\btl\opengl\main.cpp(202): warning C4305: '+=': truncation from 'double' to 'float'
f:\btl\opengl\main.cpp(236): warning C4305: '+=': truncation from 'double' to 'float'
f:\btl\opengl\main.cpp(243): warning C4305: '+=': truncation from 'double' to 'float'
f:\btl\opengl\main.cpp(250): warning C4305: '+=': truncation from 'double' to 'float'
f:\btl\opengl\main.cpp(257): warning C4305: '+=': truncation from 'double' to 'float'
f:\btl\opengl\main.cpp(264): warning C4305: '+=': truncation from 'double' to 'float'
f:\btl\opengl\main.cpp(271): warning C4305: '+=': truncation from 'double' to 'float'
f:\btl\opengl\main.cpp(278): warning C4305: '+=': truncation from 'double' to 'float'
f:\btl\opengl\main.cpp(320): warning C4305: 'argument': truncation from 'double' to 'const GLfloat'
f:\btl\opengl\main.cpp(344): warning C4305: 'initializing': truncation from 'double' to 'float'
f:\btl\opengl\main.cpp(439): warning C4305: '-=': truncation from 'double' to 'float'
f:\btl\opengl\main.cpp(442): warning C4305: '+=': truncation from 'double' to 'float'
f:\btl\opengl\main.cpp(445): warning C4305: '-=': truncation from 'double' to 'float'
f:\btl\opengl\main.cpp(448): warning C4305: '+=': truncation from 'double' to 'float'
  Generating Code...
main.obj : error LNK2005: "public: class Angel::mat4 __thiscall matrix_stack::pop(void)" (?pop@matrix_stack@@QAE?AVmat4@Angel@@XZ) already defined in Helicopter.obj
main.obj : error LNK2005: "public: void __thiscall matrix_stack::push(class Angel::mat4 const &)" (?push@matrix_stack@@QAEXABVmat4@Angel@@@Z) already defined in Helicopter.obj
matrix_stack.obj : error LNK2005: "public: class Angel::mat4 __thiscall matrix_stack::pop(void)" (?pop@matrix_stack@@QAE?AVmat4@Angel@@XZ) already defined in Helicopter.obj
matrix_stack.obj : error LNK2005: "public: void __thiscall matrix_stack::push(class Angel::mat4 const &)" (?push@matrix_stack@@QAEXABVmat4@Angel@@@Z) already defined in Helicopter.obj
F:\BTL\Debug\OpenGL.exe : fatal error LNK1169: one or more multiply defined symbols found
